<?xml version="1.0" encoding="UTF-8"?>
<!-- Generated by org.testng.reporters.JUnitXMLReporter -->
<testsuite hostname="DESKTOP-MSKJV0O" ignored="14" name="Test" tests="1" failures="1" timestamp="21 Apr 2021 13:21:59 GMT" time="138.618" errors="0">
  <testcase name="uploadFile" time="39.27" classname="com.opencart.testscripts.OpenCartTestscripts">
    <failure type="org.openqa.selenium.NoSuchElementException" message="no such element: Unable to locate element: {&amp;quot;method&amp;quot;:&amp;quot;xpath&amp;quot;,&amp;quot;selector&amp;quot;:&amp;quot;//input[@name=&amp;apos;option[223][]&amp;apos; and @value=&amp;apos;10&amp;apos;]&amp;quot;}
  (Session info: chrome=89.0.4389.128)
  (Driver info: chromedriver=2.43.600210 (68dcf5eebde37173d4027fa8635e332711d2874a),platform=Windows NT 10.0.19042 x86_64) (WARNING: The server did not provide any stacktrace information)
Command duration or timeout: 0 milliseconds
For documentation on this error, please visit: https://www.seleniumhq.org/exceptions/no_such_element.html
Build info: version: &amp;apos;3.141.59&amp;apos;, revision: &amp;apos;e82be7d358&amp;apos;, time: &amp;apos;2018-11-14T08:17:03&amp;apos;
System info: host: &amp;apos;DESKTOP-MSKJV0O&amp;apos;, ip: &amp;apos;192.168.0.4&amp;apos;, os.name: &amp;apos;Windows 10&amp;apos;, os.arch: &amp;apos;amd64&amp;apos;, os.version: &amp;apos;10.0&amp;apos;, java.version: &amp;apos;1.8.0_181&amp;apos;
Driver info: org.openqa.selenium.chrome.ChromeDriver
Capabilities {acceptInsecureCerts: false, acceptSslCerts: false, applicationCacheEnabled: false, browserConnectionEnabled: false, browserName: chrome, chrome: {chromedriverVersion: 2.43.600210 (68dcf5eebde371..., userDataDir: C:\Users\Amit\AppData\Local...}, cssSelectorsEnabled: true, databaseEnabled: false, goog:chromeOptions: {debuggerAddress: localhost:55195}, handlesAlerts: true, hasTouchScreen: false, javascriptEnabled: true, locationContextEnabled: true, mobileEmulationEnabled: false, nativeEvents: true, networkConnectionEnabled: false, pageLoadStrategy: normal, platform: XP, platformName: XP, rotatable: false, setWindowRect: true, takesHeapSnapshot: true, takesScreenshot: true, unexpectedAlertBehaviour: , unhandledPromptBehavior: , version: 89.0.4389.128, webStorageEnabled: true}
Session ID: 4a606879535949218d0e776c09368f20
*** Element info: {Using=xpath, value=//input[@name=&amp;apos;option[223][]&amp;apos; and @value=&amp;apos;10&amp;apos;]}">
      <![CDATA[org.openqa.selenium.NoSuchElementException: no such element: Unable to locate element: {"method":"xpath","selector":"//input[@name='option[223][]' and @value='10']"}
  (Session info: chrome=89.0.4389.128)
  (Driver info: chromedriver=2.43.600210 (68dcf5eebde37173d4027fa8635e332711d2874a),platform=Windows NT 10.0.19042 x86_64) (WARNING: The server did not provide any stacktrace information)
Command duration or timeout: 0 milliseconds
For documentation on this error, please visit: https://www.seleniumhq.org/exceptions/no_such_element.html
Build info: version: '3.141.59', revision: 'e82be7d358', time: '2018-11-14T08:17:03'
System info: host: 'DESKTOP-MSKJV0O', ip: '192.168.0.4', os.name: 'Windows 10', os.arch: 'amd64', os.version: '10.0', java.version: '1.8.0_181'
Driver info: org.openqa.selenium.chrome.ChromeDriver
Capabilities {acceptInsecureCerts: false, acceptSslCerts: false, applicationCacheEnabled: false, browserConnectionEnabled: false, browserName: chrome, chrome: {chromedriverVersion: 2.43.600210 (68dcf5eebde371..., userDataDir: C:\Users\Amit\AppData\Local...}, cssSelectorsEnabled: true, databaseEnabled: false, goog:chromeOptions: {debuggerAddress: localhost:55195}, handlesAlerts: true, hasTouchScreen: false, javascriptEnabled: true, locationContextEnabled: true, mobileEmulationEnabled: false, nativeEvents: true, networkConnectionEnabled: false, pageLoadStrategy: normal, platform: XP, platformName: XP, rotatable: false, setWindowRect: true, takesHeapSnapshot: true, takesScreenshot: true, unexpectedAlertBehaviour: , unhandledPromptBehavior: , version: 89.0.4389.128, webStorageEnabled: true}
Session ID: 4a606879535949218d0e776c09368f20
*** Element info: {Using=xpath, value=//input[@name='option[223][]' and @value='10']}
at org.openqa.selenium.remote.ErrorHandler.createThrowable(ErrorHandler.java:214)
at org.openqa.selenium.remote.ErrorHandler.throwIfResponseFailed(ErrorHandler.java:166)
at org.openqa.selenium.remote.http.JsonHttpResponseCodec.reconstructValue(JsonHttpResponseCodec.java:40)
at org.openqa.selenium.remote.http.AbstractHttpResponseCodec.decode(AbstractHttpResponseCodec.java:80)
at org.openqa.selenium.remote.http.AbstractHttpResponseCodec.decode(AbstractHttpResponseCodec.java:44)
at org.openqa.selenium.remote.HttpCommandExecutor.execute(HttpCommandExecutor.java:158)
at org.openqa.selenium.remote.service.DriverCommandExecutor.execute(DriverCommandExecutor.java:83)
at org.openqa.selenium.remote.RemoteWebDriver.execute(RemoteWebDriver.java:552)
at org.openqa.selenium.remote.RemoteWebDriver.findElement(RemoteWebDriver.java:323)
at org.openqa.selenium.remote.RemoteWebDriver.findElementByXPath(RemoteWebDriver.java:428)
at org.openqa.selenium.By$ByXPath.findElement(By.java:353)
at org.openqa.selenium.remote.RemoteWebDriver.findElement(RemoteWebDriver.java:315)
at org.openqa.selenium.support.pagefactory.DefaultElementLocator.findElement(DefaultElementLocator.java:69)
at org.openqa.selenium.support.pagefactory.internal.LocatingElementHandler.invoke(LocatingElementHandler.java:38)
at com.sun.proxy.$Proxy10.click(Unknown Source)
at com.opencart.pages.FileUpload.Addtocartoptions(FileUpload.java:72)
at com.opencart.testscripts.OpenCartTestscripts.uploadFile(OpenCartTestscripts.java:101)
... Removed 29 stack frames]]>
    </failure>
  </testcase> <!-- uploadFile -->
  <testcase name="whishListTest" time="0.0" classname="com.opencart.testscripts.OpenCartTestscripts">
    <ignored/>
  </testcase> <!-- whishListTest -->
  <testcase name="removeProductFromCart" time="0.0" classname="com.opencart.testscripts.OpenCartTestscripts">
    <ignored/>
  </testcase> <!-- removeProductFromCart -->
  <testcase name="editLastName" time="0.0" classname="com.opencart.testscripts.OpenCartTestscripts">
    <ignored/>
  </testcase> <!-- editLastName -->
  <testcase name="orderPlacementWithGuest" time="0.0" classname="com.opencart.testscripts.OpenCartTestscripts">
    <ignored/>
  </testcase> <!-- orderPlacementWithGuest -->
  <testcase name="orderHistory" time="0.0" classname="com.opencart.testscripts.OpenCartTestscripts">
    <ignored/>
  </testcase> <!-- orderHistory -->
  <testcase name="login" time="0.0" classname="com.opencart.testscripts.OpenCartTestscripts">
    <ignored/>
  </testcase> <!-- login -->
  <testcase name="emptyCouponCode" time="0.0" classname="com.opencart.testscripts.OpenCartTestscripts">
    <ignored/>
  </testcase> <!-- emptyCouponCode -->
  <testcase name="applyCouponCode" time="0.0" classname="com.opencart.testscripts.OpenCartTestscripts">
    <ignored/>
  </testcase> <!-- applyCouponCode -->
  <testcase name="registerAccountFailure" time="0.0" classname="com.opencart.testscripts.OpenCartTestscripts">
    <ignored/>
  </testcase> <!-- registerAccountFailure -->
  <testcase name="verifyTitle" time="0.0" classname="com.opencart.testscripts.OpenCartTestscripts">
    <ignored/>
  </testcase> <!-- verifyTitle -->
  <testcase name="orderPlacementWithRegister" time="0.0" classname="com.opencart.testscripts.OpenCartTestscripts">
    <ignored/>
  </testcase> <!-- orderPlacementWithRegister -->
  <testcase name="registerAccount" time="0.0" classname="com.opencart.testscripts.OpenCartTestscripts">
    <ignored/>
  </testcase> <!-- registerAccount -->
  <testcase name="addToCart" time="0.0" classname="com.opencart.testscripts.OpenCartTestscripts">
    <ignored/>
  </testcase> <!-- addToCart -->
  <testcase name="productAvailabitlyInCart" time="0.0" classname="com.opencart.testscripts.OpenCartTestscripts">
    <ignored/>
  </testcase> <!-- productAvailabitlyInCart -->
</testsuite> <!-- Test -->
